Base path: 'C:/Program Files/Unity/Hub/Editor/2019.4.17f1/Editor/Data', plugins path 'C:/Program Files/Unity/Hub/Editor/2019.4.17f1/Editor/Data/PlaybackEngines'
Cmd: initializeCompiler
Cmd: initializeCompiler
Cmd: compileComputeKernel
  api=18 insize=18337 outsize=32670 ok=1
Cmd: compileComputeKernel
  api=4 insize=18337 outsize=8518 ok=1
Cmd: compileComputeKernel
  api=4 insize=18337 outsize=8653 ok=1
Cmd: compileComputeKernel
  api=4 insize=18337 outsize=8523 ok=1
Cmd: compileComputeKernel
  api=4 insize=1230 outsize=800 ok=1
Cmd: compileComputeKernel
  api=9 insize=5017 outsize=10976 ok=1
Cmd: compileComputeKernel
  api=4 insize=5017 outsize=9142 ok=1
Cmd: compileComputeKernel
  api=18 insize=1914 outsize=2489 ok=1
Cmd: compileComputeKernel
  api=18 insize=3190 outsize=200276 ok=1
Cmd: compileComputeKernel
  api=4 insize=10935 outsize=9840 ok=1
Cmd: compileComputeKernel
  api=4 insize=10935 outsize=10585 ok=1
Cmd: compileComputeKernel
  api=18 insize=2098 outsize=4209 ok=1
Cmd: compileComputeKernel
  api=4 insize=2167 outsize=372 ok=1
Cmd: compileComputeKernel
  api=4 insize=3450 outsize=2622 ok=1
Cmd: compileComputeKernel
  api=18 insize=5489 outsize=24933 ok=1
Cmd: compileSnippet
  api=4 type=1 insize=559 outsize=2594 kw= pd=UNITY_NO_DXT5nm UNITY_ENABLE_REFLECTION_BUFFERS UNITY_NO_CUBEMAP_ARRAY UNITY_NO_SCREENSPACE_SHADOWS UNITY_PBS_USE_BRDF2 SHADER_API_DESKTOP UNITY_HARDWARE_TIER3 UNITY_COLORSPACE_GAMMA UNITY_LIGHTMAP_DLDR_ENCODING ok=1
Cmd: compileSnippet
  api=4 type=1 insize=595 outsize=2742 kw= pd=UNITY_NO_DXT5nm UNITY_ENABLE_REFLECTION_BUFFERS UNITY_NO_CUBEMAP_ARRAY UNITY_NO_SCREENSPACE_SHADOWS UNITY_PBS_USE_BRDF2 SHADER_API_DESKTOP UNITY_HARDWARE_TIER3 UNITY_COLORSPACE_GAMMA UNITY_LIGHTMAP_DLDR_ENCODING ok=1
